earn-AAPL-2025-07-31-1d
earn-ABBV-2025-07-31-1d
earn-ABT-2025-10-15-1d
earn-ABT-2025-10-15-3d
earn-ABT-2025-10-15-5d
earn-ABT-2025-10-15-7d
earn-ACN-2025-09-25-1d
earn-ACN-2025-09-25-3d
earn-ACN-2025-09-25-5d
earn-ACN-2025-09-25-7d
earn-ADBE-2025-09-10-7d
earn-ADBE-2025-09-11-1d
earn-ADBE-2025-09-11-3d
earn-ADBE-2025-09-11-5d
earn-ADBE-2025-09-11-7d
earn-ADI-2025-08-20-1d
earn-ADI-2025-08-20-3d
earn-ADI-2025-08-20-5d
earn-ADI-2025-08-20-7d
earn-AEP-2025-07-30-1d
earn-AMAT-2025-08-14-1d
earn-AMAT-2025-08-14-3d
earn-AMAT-2025-08-14-5d
earn-AMAT-2025-08-14-7d
earn-AMD-2025-08-05-1d
earn-AMD-2025-08-05-3d
earn-AMD-2025-08-05-5d
earn-AMD-2025-08-05-7d
earn-AMGN-2025-08-05-1d
earn-AMGN-2025-08-05-3d
earn-AMGN-2025-08-05-5d
earn-AMGN-2025-08-05-7d
earn-AMZN-2025-07-31-1d
earn-AMZN-2025-10-23-7d
earn-AVGO-2025-09-04-1d
earn-AVGO-2025-09-04-3d
earn-AVGO-2025-09-04-5d
earn-AVGO-2025-09-04-7d
earn-AXP-2025-10-17-1d
earn-AXP-2025-10-17-3d
earn-AXP-2025-10-17-5d
earn-AXP-2025-10-17-7d
earn-BAC-2025-10-15-1d
earn-BAC-2025-10-15-3d
earn-BAC-2025-10-15-5d
earn-BAC-2025-10-15-7d
earn-BKR-2025-10-23-7d
earn-BLK-2025-10-06-1d
earn-BLK-2025-10-06-3d
earn-BLK-2025-10-06-5d
earn-BLK-2025-10-06-7d
earn-BMY-2025-07-31-1d
earn-BRK.A-2025-08-04-1d
earn-BRK.A-2025-08-04-3d
earn-BRK.A-2025-08-04-5d
earn-BSX-2025-10-22-7d
earn-C-2025-10-14-1d
earn-C-2025-10-14-3d
earn-C-2025-10-14-5d
earn-C-2025-10-14-7d
earn-CAT-2025-08-05-1d
earn-CAT-2025-08-05-3d
earn-CAT-2025-08-05-5d
earn-CAT-2025-08-05-7d
earn-CB-2025-10-21-5d
earn-CB-2025-10-21-7d
earn-CI-2025-07-31-1d
earn-CL-2025-08-01-1d
earn-CL-2025-08-01-3d
earn-CLX-2025-07-31-1d
earn-CMCSA-2025-07-31-1d
earn-CME-2025-10-22-7d
earn-CMI-2025-08-05-1d
earn-CMI-2025-08-05-3d
earn-CMI-2025-08-05-5d
earn-CMI-2025-08-05-7d
earn-COP-2025-08-07-1d
earn-COP-2025-08-07-3d
earn-COP-2025-08-07-5d
earn-COP-2025-08-07-7d
earn-COST-2025-09-25-1d
earn-COST-2025-09-25-3d
earn-COST-2025-09-25-5d
earn-COST-2025-09-25-7d
earn-CRM-2025-09-03-1d
earn-CRM-2025-09-03-3d
earn-CRM-2025-09-03-5d
earn-CRM-2025-09-03-7d
earn-CSCO-2025-08-13-1d
earn-CSCO-2025-08-13-3d
earn-CSCO-2025-08-13-5d
earn-CSCO-2025-08-13-7d
earn-CVS-2025-07-31-1d
earn-CVX-2025-08-01-1d
earn-CVX-2025-08-01-3d
earn-D-2025-08-01-1d
earn-D-2025-08-01-3d
earn-DE-2025-08-14-1d
earn-DE-2025-08-14-3d
earn-DE-2025-08-14-5d
earn-DE-2025-08-14-7d
earn-DHR-2025-10-21-5d
earn-DHR-2025-10-21-7d
earn-DIS-2025-08-06-1d
earn-DIS-2025-08-06-3d
earn-DIS-2025-08-06-5d
earn-DIS-2025-08-06-7d
earn-DOV-2025-10-23-7d
earn-DUK-2025-08-05-1d
earn-DUK-2025-08-05-3d
earn-DUK-2025-08-05-5d
earn-DUK-2025-08-05-7d
earn-ED-2025-08-07-1d
earn-ED-2025-08-07-3d
earn-ED-2025-08-07-5d
earn-ED-2025-08-07-7d
earn-EL-2025-08-20-1d
earn-EL-2025-08-20-3d
earn-EL-2025-08-20-5d
earn-EL-2025-08-20-7d
earn-EMR-2025-08-06-1d
earn-EMR-2025-08-06-3d
earn-EMR-2025-08-06-5d
earn-EMR-2025-08-06-7d
earn-EOG-2025-08-07-1d
earn-EOG-2025-08-07-3d
earn-EOG-2025-08-07-5d
earn-EOG-2025-08-07-7d
earn-ETN-2025-08-05-1d
earn-ETN-2025-08-05-3d
earn-ETN-2025-08-05-5d
earn-ETN-2025-08-05-7d
earn-EXC-2025-07-31-1d
earn-FDX-2025-09-18-1d
earn-FDX-2025-09-18-3d
earn-FDX-2025-09-18-5d
earn-FDX-2025-09-18-7d
earn-FTNT-2025-08-06-1d
earn-FTNT-2025-08-06-3d
earn-FTNT-2025-08-06-5d
earn-FTNT-2025-08-06-7d
earn-GE-2025-10-21-5d
earn-GE-2025-10-21-7d
earn-GILD-2025-08-07-1d
earn-GILD-2025-08-07-3d
earn-GILD-2025-08-07-5d
earn-GILD-2025-08-07-7d
earn-GIS-2025-09-16-1d
earn-GIS-2025-09-16-3d
earn-GIS-2025-09-16-5d
earn-GIS-2025-09-16-7d
earn-GS-2025-10-14-1d
earn-GS-2025-10-14-3d
earn-GS-2025-10-14-5d
earn-GS-2025-10-14-7d
earn-HD-2025-08-19-1d
earn-HD-2025-08-19-3d
earn-HD-2025-08-19-5d
earn-HD-2025-08-19-7d
earn-HON-2025-10-23-7d
earn-HSY-2025-07-30-1d
earn-HUM-2025-07-30-1d
earn-IBM-2025-10-22-7d
earn-ICE-2025-07-31-1d
earn-INTC-2025-10-23-7d
earn-INTU-2025-08-21-1d
earn-INTU-2025-08-21-3d
earn-INTU-2025-08-21-5d
earn-INTU-2025-08-21-7d
earn-ITW-2025-07-30-1d
earn-JNJ-2025-10-14-1d
earn-JNJ-2025-10-14-3d
earn-JNJ-2025-10-14-5d
earn-JNJ-2025-10-14-7d
earn-JPM-2025-10-14-1d
earn-JPM-2025-10-14-3d
earn-JPM-2025-10-14-5d
earn-JPM-2025-10-14-7d
earn-K-2025-07-30-1d
earn-KLAC-2025-07-31-1d
earn-KLAC-2025-10-22-7d
earn-KMB-2025-08-01-1d
earn-KMB-2025-08-01-3d
earn-KO-2025-10-21-5d
earn-KO-2025-10-21-7d
earn-LLY-2025-08-07-1d
earn-LLY-2025-08-07-3d
earn-LLY-2025-08-07-5d
earn-LLY-2025-08-07-7d
earn-LMT-2025-10-21-5d
earn-LMT-2025-10-21-7d
earn-LOW-2025-08-20-1d
earn-LOW-2025-08-20-3d
earn-LOW-2025-08-20-5d
earn-LOW-2025-08-20-7d
earn-MA-2025-07-31-1d
earn-MCD-2025-08-06-1d
earn-MCD-2025-08-06-3d
earn-MCD-2025-08-06-5d
earn-MCD-2025-08-06-7d
earn-MDT-2025-08-19-1d
earn-MDT-2025-08-19-3d
earn-MDT-2025-08-19-5d
earn-MDT-2025-08-19-7d
earn-META-2025-07-30-1d
earn-MMC-2025-10-16-1d
earn-MMC-2025-10-16-3d
earn-MMC-2025-10-16-5d
earn-MMC-2025-10-16-7d
earn-MMM-2025-10-21-5d
earn-MMM-2025-10-21-7d
earn-MPC-2025-08-05-1d
earn-MPC-2025-08-05-3d
earn-MPC-2025-08-05-5d
earn-MPC-2025-08-05-7d
earn-MRVL-2025-08-28-1d
earn-MRVL-2025-08-28-3d
earn-MRVL-2025-08-28-5d
earn-MRVL-2025-08-28-7d
earn-MS-2025-10-15-1d
earn-MS-2025-10-15-3d
earn-MS-2025-10-15-5d
earn-MS-2025-10-15-7d
earn-MSFT-2025-07-30-1d
earn-MU-2025-09-23-1d
earn-MU-2025-09-23-3d
earn-MU-2025-09-23-5d
earn-MU-2025-09-23-7d
earn-NEE-2025-10-22-7d
earn-NFLX-2025-10-21-5d
earn-NFLX-2025-10-21-7d
earn-NKE-2025-09-29-1d
earn-NKE-2025-09-29-3d
earn-NKE-2025-09-29-5d
earn-NKE-2025-09-29-7d
earn-NOC-2025-10-21-5d
earn-NOC-2025-10-21-7d
earn-NVDA-2025-08-27-1d
earn-NVDA-2025-08-27-3d
earn-NVDA-2025-08-27-5d
earn-NVDA-2025-08-27-7d
earn-ORCL-2025-09-09-1d
earn-ORCL-2025-09-09-3d
earn-OXY-2025-08-06-1d
earn-OXY-2025-08-06-3d
earn-OXY-2025-08-06-5d
earn-OXY-2025-08-06-7d
earn-PANW-2025-08-18-1d
earn-PANW-2025-08-18-3d
earn-PANW-2025-08-18-5d
earn-PANW-2025-08-18-7d
earn-PEG-2025-08-05-1d
earn-PEG-2025-08-05-3d
earn-PEG-2025-08-05-5d
earn-PEG-2025-08-05-7d
earn-PEP-2025-10-09-1d
earn-PEP-2025-10-09-3d
earn-PEP-2025-10-09-5d
earn-PEP-2025-10-09-7d
earn-PFE-2025-08-05-1d
earn-PFE-2025-08-05-3d
earn-PFE-2025-08-05-5d
earn-PFE-2025-08-05-7d
earn-PH-2025-08-07-1d
earn-PH-2025-08-07-3d
earn-PH-2025-08-07-5d
earn-PH-2025-08-07-7d
earn-PM-2025-10-21-5d
earn-PM-2025-10-21-7d
earn-QCOM-2025-07-30-1d
earn-ROK-2025-08-06-1d
earn-ROK-2025-08-06-3d
earn-ROK-2025-08-06-5d
earn-ROK-2025-08-06-7d
earn-RTX-2025-10-21-5d
earn-RTX-2025-10-21-7d
earn-SCHW-2025-10-16-1d
earn-SCHW-2025-10-16-3d
earn-SCHW-2025-10-16-5d
earn-SCHW-2025-10-16-7d
earn-SLB-2025-10-17-1d
earn-SLB-2025-10-17-3d
earn-SLB-2025-10-17-5d
earn-SLB-2025-10-17-7d
earn-SO-2025-07-31-1d
earn-SPGI-2025-07-31-1d
earn-SRE-2025-08-07-1d
earn-SRE-2025-08-07-3d
earn-SRE-2025-08-07-5d
earn-SRE-2025-08-07-7d
earn-SYK-2025-07-31-1d
earn-T-2025-10-22-7d
earn-TFC-2025-10-17-1d
earn-TFC-2025-10-17-3d
earn-TFC-2025-10-17-5d
earn-TFC-2025-10-17-7d
earn-TJX-2025-08-20-1d
earn-TJX-2025-08-20-3d
earn-TJX-2025-08-20-5d
earn-TJX-2025-08-20-7d
earn-TMO-2025-10-22-7d
earn-TMUS-2025-10-23-7d
earn-TSLA-2025-10-22-7d
earn-TXN-2025-10-21-5d
earn-TXN-2025-10-21-7d
earn-UNP-2025-10-23-7d
earn-VLO-2025-10-23-7d
earn-VRTX-2025-08-04-1d
earn-VRTX-2025-08-04-3d
earn-VRTX-2025-08-04-5d
earn-WFC-2025-10-14-1d
earn-WFC-2025-10-14-3d
earn-WFC-2025-10-14-5d
earn-WFC-2025-10-14-7d
earn-WMT-2025-08-21-1d
earn-WMT-2025-08-21-3d
earn-WMT-2025-08-21-5d
earn-WMT-2025-08-21-7d
earn-XEL-2025-07-31-1d
earn-XOM-2025-08-01-1d
earn-XOM-2025-08-01-3d
earn-ZTS-2025-08-05-1d
earn-ZTS-2025-08-05-3d
earn-ZTS-2025-08-05-5d
earn-ZTS-2025-08-05-7d
file-1037389-0001037389-25-000034
file-1040273-0001085146-25-005277
file-1067983-0000950123-25-008343
file-1067983-0000950170-25-101546
file-1067983-0000950170-25-102303
file-1067983-0000950170-25-102306
file-1067983-0001193125-25-172579
file-1067983-0001193125-25-229405
file-1067983-0001728451-25-000006
file-1067983-0001728451-25-000007
file-1067983-0001728451-25-000008
file-1336528-0001172661-25-003509
file-1649339-0001879202-25-000038
